<?xml version="1.0" encoding="UTF-8"?>
<!-- Generated by org.testng.reporters.JUnitReportReporter -->
<testsuite skipped="0" hostname="DESKTOP-AQF6POO" name="insightglobal.NewTest" tests="2" failures="0" timestamp="05 Jun 2019 07:28:22 GMT" time="17.948" errors="0">
  <testcase name="restaurantsearch" time="4.923" classname="insightglobal.NewTest"/>
  <testcase name="search" time="13.025" classname="insightglobal.NewTest"/>
</testsuite> <!-- insightglobal.NewTest -->
