<?xml version="1.0" encoding="UTF-8"?>
<!-- Generated by org.testng.reporters.JUnitReportReporter -->
<testsuite skipped="0" hostname="DESKTOP-AQF6POO" name="insightglobal.CheckLogin" tests="3" failures="0" timestamp="05 Jun 2019 07:28:22 GMT" time="25.071" errors="0">
  <testcase name="restaurantsearch" time="6.134" classname="insightglobal.CheckLogin"/>
  <testcase name="search" time="17.903" classname="insightglobal.CheckLogin"/>
  <testcase name="login" time="1.034" classname="insightglobal.CheckLogin"/>
</testsuite> <!-- insightglobal.CheckLogin -->
