<?xml version="1.0" encoding="UTF-8"?>
<!-- Generated by org.testng.reporters.JUnitReportReporter -->
<testsuite skipped="0" hostname="DESKTOP-AQF6POO" name="insightglobal.Help" tests="3" failures="0" timestamp="05 Jun 2019 07:28:22 GMT" time="28.757" errors="0">
  <testcase name="restaurantsearch" time="15.479" classname="insightglobal.Help"/>
  <testcase name="search" time="11.901" classname="insightglobal.Help"/>
  <testcase name="login" time="1.377" classname="insightglobal.Help"/>
</testsuite> <!-- insightglobal.Help -->
